app/build/intermediates/manifest_merge_blame_file/release/manifest-merger-blame-release-report.txt
1<?xml version="1.0" encoding="utf-8"?>
2<manifest xmlns:android="http://schemas.android.com/apk/res/android"
3    package="com.wwqe.habits"
4    android:versionCode="1"
5    android:versionName="1.0" >
6
7    <uses-sdk
8        android:minSdkVersion="23"
9        android:targetSdkVersion="34" />
10
11    <uses-permission android:name="android.permission.INTERNET" />
11-->src/main/AndroidManifest.xml:3:5-67
11-->src/main/AndroidManifest.xml:3:22-64
12    <uses-permission android:name="android.permission.ACCESS_NETWORK_STATE" />
12-->src/main/AndroidManifest.xml:4:5-79
12-->src/main/AndroidManifest.xml:4:22-76
13    <uses-permission android:name="com.google.android.providers.gsf.permission.READ_GSERVICES" />
13-->[com.google.android.recaptcha:recaptcha:18.6.1] AndroidManifest.xml:9:5-98
13-->[com.google.android.recaptcha:recaptcha:18.6.1] AndroidManifest.xml:9:22-95
14
15    <permission
15-->[androidx.core:core:1.9.0] AndroidManifest.xml:22:5-24:47
16        android:name="com.wwqe.habits.DYNAMIC_RECEIVER_NOT_EXPORTED_PERMISSION"
16-->[androidx.core:core:1.9.0] AndroidManifest.xml:23:9-81
17        android:protectionLevel="signature" />
17-->[androidx.core:core:1.9.0] AndroidManifest.xml:24:9-44
18
19    <uses-permission android:name="com.wwqe.habits.DYNAMIC_RECEIVER_NOT_EXPORTED_PERMISSION" />
19-->[androidx.core:core:1.9.0] AndroidManifest.xml:26:5-97
19-->[androidx.core:core:1.9.0] AndroidManifest.xml:26:22-94
20
21    <application
21-->src/main/AndroidManifest.xml:6:5-30:19
22        android:allowBackup="true"
22-->src/main/AndroidManifest.xml:7:9-35
23        android:appComponentFactory="androidx.core.app.CoreComponentFactory"
23-->[androidx.core:core:1.9.0] AndroidManifest.xml:28:18-86
24        android:extractNativeLibs="false"
25        android:label="@string/app_name"
25-->src/main/AndroidManifest.xml:8:9-41
26        android:theme="@style/AppTheme" >
26-->src/main/AndroidManifest.xml:9:9-40
27        <activity
27-->src/main/AndroidManifest.xml:10:9-17:20
28            android:name="com.wwqe.habits.MainActivity"
28-->src/main/AndroidManifest.xml:11:13-41
29            android:exported="true" >
29-->src/main/AndroidManifest.xml:12:13-36
30            <intent-filter>
30-->src/main/AndroidManifest.xml:13:13-16:29
31                <action android:name="android.intent.action.MAIN" />
31-->src/main/AndroidManifest.xml:14:17-69
31-->src/main/AndroidManifest.xml:14:25-66
32
33                <category android:name="android.intent.category.LAUNCHER" />
33-->src/main/AndroidManifest.xml:15:17-77
33-->src/main/AndroidManifest.xml:15:27-74
34            </intent-filter>
35        </activity>
36        <activity
36-->src/main/AndroidManifest.xml:18:9-21:20
37            android:name="com.wwqe.habits.LoginActivity"
37-->src/main/AndroidManifest.xml:19:13-42
38            android:exported="true" >
38-->src/main/AndroidManifest.xml:20:13-36
39        </activity>
40        <activity
40-->src/main/AndroidManifest.xml:22:9-25:20
41            android:name="com.wwqe.habits.FriendsActivity"
41-->src/main/AndroidManifest.xml:23:13-44
42            android:exported="true" >
42-->src/main/AndroidManifest.xml:24:13-36
43        </activity>
44        <activity
44-->src/main/AndroidManifest.xml:26:9-29:20
45            android:name="com.wwqe.habits.LeaderboardActivity"
45-->src/main/AndroidManifest.xml:27:13-48
46            android:exported="true" >
46-->src/main/AndroidManifest.xml:28:13-36
47        </activity>
48        <activity
48-->[com.google.firebase:firebase-auth:24.0.1] AndroidManifest.xml:29:9-46:20
49            android:name="com.google.firebase.auth.internal.GenericIdpActivity"
49-->[com.google.firebase:firebase-auth:24.0.1] AndroidManifest.xml:30:13-80
50            android:excludeFromRecents="true"
50-->[com.google.firebase:firebase-auth:24.0.1] AndroidManifest.xml:31:13-46
51            android:exported="true"
51-->[com.google.firebase:firebase-auth:24.0.1] AndroidManifest.xml:32:13-36
52            android:launchMode="singleTask"
52-->[com.google.firebase:firebase-auth:24.0.1] AndroidManifest.xml:33:13-44
53            android:theme="@android:style/Theme.Translucent.NoTitleBar" >
53-->[com.google.firebase:firebase-auth:24.0.1] AndroidManifest.xml:34:13-72
54            <intent-filter>
54-->[com.google.firebase:firebase-auth:24.0.1] AndroidManifest.xml:35:13-45:29
55                <action android:name="android.intent.action.VIEW" />
55-->[com.google.firebase:firebase-auth:24.0.1] AndroidManifest.xml:36:17-69
55-->[com.google.firebase:firebase-auth:24.0.1] AndroidManifest.xml:36:25-66
56
57                <category android:name="android.intent.category.DEFAULT" />
57-->[com.google.firebase:firebase-auth:24.0.1] AndroidManifest.xml:38:17-76
57-->[com.google.firebase:firebase-auth:24.0.1] AndroidManifest.xml:38:27-73
58                <category android:name="android.intent.category.BROWSABLE" />
58-->[com.google.firebase:firebase-auth:24.0.1] AndroidManifest.xml:39:17-78
58-->[com.google.firebase:firebase-auth:24.0.1] AndroidManifest.xml:39:27-75
59
60                <data
60-->[com.google.firebase:firebase-auth:24.0.1] AndroidManifest.xml:41:17-44:51
61                    android:host="firebase.auth"
61-->[com.google.firebase:firebase-auth:24.0.1] AndroidManifest.xml:42:21-49
62                    android:path="/"
62-->[com.google.firebase:firebase-auth:24.0.1] AndroidManifest.xml:43:21-37
63                    android:scheme="genericidp" />
63-->[com.google.firebase:firebase-auth:24.0.1] AndroidManifest.xml:44:21-48
64            </intent-filter>
65        </activity>
66        <activity
66-->[com.google.firebase:firebase-auth:24.0.1] AndroidManifest.xml:47:9-64:20
67            android:name="com.google.firebase.auth.internal.RecaptchaActivity"
67-->[com.google.firebase:firebase-auth:24.0.1] AndroidManifest.xml:48:13-79
68            android:excludeFromRecents="true"
68-->[com.google.firebase:firebase-auth:24.0.1] AndroidManifest.xml:49:13-46
69            android:exported="true"
69-->[com.google.firebase:firebase-auth:24.0.1] AndroidManifest.xml:50:13-36
70            android:launchMode="singleTask"
70-->[com.google.firebase:firebase-auth:24.0.1] AndroidManifest.xml:51:13-44
71            android:theme="@android:style/Theme.Translucent.NoTitleBar" >
71-->[com.google.firebase:firebase-auth:24.0.1] AndroidManifest.xml:52:13-72
72            <intent-filter>
72-->[com.google.firebase:firebase-auth:24.0.1] AndroidManifest.xml:53:13-63:29
73                <action android:name="android.intent.action.VIEW" />
73-->[com.google.firebase:firebase-auth:24.0.1] AndroidManifest.xml:36:17-69
73-->[com.google.firebase:firebase-auth:24.0.1] AndroidManifest.xml:36:25-66
74
75                <category android:name="android.intent.category.DEFAULT" />
75-->[com.google.firebase:firebase-auth:24.0.1] AndroidManifest.xml:38:17-76
75-->[com.google.firebase:firebase-auth:24.0.1] AndroidManifest.xml:38:27-73
76                <category android:name="android.intent.category.BROWSABLE" />
76-->[com.google.firebase:firebase-auth:24.0.1] AndroidManifest.xml:39:17-78
76-->[com.google.firebase:firebase-auth:24.0.1] AndroidManifest.xml:39:27-75
77
78                <data
78-->[com.google.firebase:firebase-auth:24.0.1] AndroidManifest.xml:41:17-44:51
79                    android:host="firebase.auth"
79-->[com.google.firebase:firebase-auth:24.0.1] AndroidManifest.xml:42:21-49
80                    android:path="/"
80-->[com.google.firebase:firebase-auth:24.0.1] AndroidManifest.xml:43:21-37
81                    android:scheme="recaptcha" />
81-->[com.google.firebase:firebase-auth:24.0.1] AndroidManifest.xml:44:21-48
82            </intent-filter>
83        </activity>
84
85        <service
85-->[com.google.firebase:firebase-auth:24.0.1] AndroidManifest.xml:66:9-72:19
86            android:name="com.google.firebase.components.ComponentDiscoveryService"
86-->[com.google.firebase:firebase-auth:24.0.1] AndroidManifest.xml:67:13-84
87            android:directBootAware="true"
87-->[com.google.firebase:firebase-common:22.0.1] AndroidManifest.xml:32:13-43
88            android:exported="false" >
88-->[com.google.firebase:firebase-auth:24.0.1] AndroidManifest.xml:68:13-37
89            <meta-data
89-->[com.google.firebase:firebase-auth:24.0.1] AndroidManifest.xml:69:13-71:85
90                android:name="com.google.firebase.components:com.google.firebase.auth.FirebaseAuthRegistrar"
90-->[com.google.firebase:firebase-auth:24.0.1] AndroidManifest.xml:70:17-109
91                android:value="com.google.firebase.components.ComponentRegistrar" />
91-->[com.google.firebase:firebase-auth:24.0.1] AndroidManifest.xml:71:17-82
92            <meta-data
92-->[com.google.firebase:firebase-firestore:26.1.0] AndroidManifest.xml:17:13-19:85
93                android:name="com.google.firebase.components:com.google.firebase.firestore.FirebaseFirestoreKtxRegistrar"
93-->[com.google.firebase:firebase-firestore:26.1.0] AndroidManifest.xml:18:17-122
94                android:value="com.google.firebase.components.ComponentRegistrar" />
94-->[com.google.firebase:firebase-firestore:26.1.0] AndroidManifest.xml:19:17-82
95            <meta-data
95-->[com.google.firebase:firebase-firestore:26.1.0] AndroidManifest.xml:20:13-22:85
96                android:name="com.google.firebase.components:com.google.firebase.firestore.FirestoreRegistrar"
96-->[com.google.firebase:firebase-firestore:26.1.0] AndroidManifest.xml:21:17-111
97                android:value="com.google.firebase.components.ComponentRegistrar" />
97-->[com.google.firebase:firebase-firestore:26.1.0] AndroidManifest.xml:22:17-82
98            <meta-data
98-->[com.google.firebase:firebase-common:22.0.1] AndroidManifest.xml:35:13-37:85
99                android:name="com.google.firebase.components:com.google.firebase.FirebaseCommonKtxRegistrar"
99-->[com.google.firebase:firebase-common:22.0.1] AndroidManifest.xml:36:17-109
100                android:value="com.google.firebase.components.ComponentRegistrar" />
100-->[com.google.firebase:firebase-common:22.0.1] AndroidManifest.xml:37:17-82
101        </service>
102
103        <provider
103-->[com.google.firebase:firebase-common:22.0.1] AndroidManifest.xml:23:9-28:39
104            android:name="com.google.firebase.provider.FirebaseInitProvider"
104-->[com.google.firebase:firebase-common:22.0.1] AndroidManifest.xml:24:13-77
105            android:authorities="com.wwqe.habits.firebaseinitprovider"
105-->[com.google.firebase:firebase-common:22.0.1] AndroidManifest.xml:25:13-72
106            android:directBootAware="true"
106-->[com.google.firebase:firebase-common:22.0.1] AndroidManifest.xml:26:13-43
107            android:exported="false"
107-->[com.google.firebase:firebase-common:22.0.1] AndroidManifest.xml:27:13-37
108            android:initOrder="100" />
108-->[com.google.firebase:firebase-common:22.0.1] AndroidManifest.xml:28:13-36
109
110        <service
110-->[androidx.credentials:credentials-play-services-auth:1.2.0-rc01] AndroidManifest.xml:24:9-32:19
111            android:name="androidx.credentials.playservices.CredentialProviderMetadataHolder"
111-->[androidx.credentials:credentials-play-services-auth:1.2.0-rc01] AndroidManifest.xml:25:13-94
112            android:enabled="true"
112-->[androidx.credentials:credentials-play-services-auth:1.2.0-rc01] AndroidManifest.xml:26:13-35
113            android:exported="false" >
113-->[androidx.credentials:credentials-play-services-auth:1.2.0-rc01] AndroidManifest.xml:27:13-37
114            <meta-data
114-->[androidx.credentials:credentials-play-services-auth:1.2.0-rc01] AndroidManifest.xml:29:13-31:104
115                android:name="androidx.credentials.CREDENTIAL_PROVIDER_KEY"
115-->[androidx.credentials:credentials-play-services-auth:1.2.0-rc01] AndroidManifest.xml:30:17-76
116                android:value="androidx.credentials.playservices.CredentialProviderPlayServicesImpl" />
116-->[androidx.credentials:credentials-play-services-auth:1.2.0-rc01] AndroidManifest.xml:31:17-101
117        </service>
118
119        <activity
119-->[androidx.credentials:credentials-play-services-auth:1.2.0-rc01] AndroidManifest.xml:34:9-41:20
120            android:name="androidx.credentials.playservices.HiddenActivity"
120-->[androidx.credentials:credentials-play-services-auth:1.2.0-rc01] AndroidManifest.xml:35:13-76
121            android:configChanges="orientation|screenSize|screenLayout|keyboardHidden"
121-->[androidx.credentials:credentials-play-services-auth:1.2.0-rc01] AndroidManifest.xml:36:13-87
122            android:enabled="true"
122-->[androidx.credentials:credentials-play-services-auth:1.2.0-rc01] AndroidManifest.xml:37:13-35
123            android:exported="false"
123-->[androidx.credentials:credentials-play-services-auth:1.2.0-rc01] AndroidManifest.xml:38:13-37
124            android:fitsSystemWindows="true"
124-->[androidx.credentials:credentials-play-services-auth:1.2.0-rc01] AndroidManifest.xml:39:13-45
125            android:theme="@style/Theme.Hidden" >
125-->[androidx.credentials:credentials-play-services-auth:1.2.0-rc01] AndroidManifest.xml:40:13-48
126        </activity>
127        <activity
127-->[com.google.android.gms:play-services-auth:20.7.0] AndroidManifest.xml:23:9-27:75
128            android:name="com.google.android.gms.auth.api.signin.internal.SignInHubActivity"
128-->[com.google.android.gms:play-services-auth:20.7.0] AndroidManifest.xml:24:13-93
129            android:excludeFromRecents="true"
129-->[com.google.android.gms:play-services-auth:20.7.0] AndroidManifest.xml:25:13-46
130            android:exported="false"
130-->[com.google.android.gms:play-services-auth:20.7.0] AndroidManifest.xml:26:13-37
131            android:theme="@android:style/Theme.Translucent.NoTitleBar" />
131-->[com.google.android.gms:play-services-auth:20.7.0] AndroidManifest.xml:27:13-72
132        <!--
133            Service handling Google Sign-In user revocation. For apps that do not integrate with
134            Google Sign-In, this service will never be started.
135        -->
136        <service
136-->[com.google.android.gms:play-services-auth:20.7.0] AndroidManifest.xml:33:9-37:51
137            android:name="com.google.android.gms.auth.api.signin.RevocationBoundService"
137-->[com.google.android.gms:play-services-auth:20.7.0] AndroidManifest.xml:34:13-89
138            android:exported="true"
138-->[com.google.android.gms:play-services-auth:20.7.0] AndroidManifest.xml:35:13-36
139            android:permission="com.google.android.gms.auth.api.signin.permission.REVOCATION_NOTIFICATION"
139-->[com.google.android.gms:play-services-auth:20.7.0] AndroidManifest.xml:36:13-107
140            android:visibleToInstantApps="true" />
140-->[com.google.android.gms:play-services-auth:20.7.0] AndroidManifest.xml:37:13-48
141
142        <activity
142-->[com.google.android.gms:play-services-base:18.9.0] AndroidManifest.xml:20:9-22:45
143            android:name="com.google.android.gms.common.api.GoogleApiActivity"
143-->[com.google.android.gms:play-services-base:18.9.0] AndroidManifest.xml:20:19-85
144            android:exported="false"
144-->[com.google.android.gms:play-services-base:18.9.0] AndroidManifest.xml:22:19-43
145            android:theme="@android:style/Theme.Translucent.NoTitleBar" />
145-->[com.google.android.gms:play-services-base:18.9.0] AndroidManifest.xml:21:19-78
146
147        <meta-data
147-->[com.google.android.gms:play-services-basement:18.9.0] AndroidManifest.xml:21:9-23:69
148            android:name="com.google.android.gms.version"
148-->[com.google.android.gms:play-services-basement:18.9.0] AndroidManifest.xml:22:13-58
149            android:value="@integer/google_play_services_version" />
149-->[com.google.android.gms:play-services-basement:18.9.0] AndroidManifest.xml:23:13-66
150
151        <provider
151-->[androidx.emoji2:emoji2:1.2.0] AndroidManifest.xml:24:9-32:20
152            android:name="androidx.startup.InitializationProvider"
152-->[androidx.emoji2:emoji2:1.2.0] AndroidManifest.xml:25:13-67
153            android:authorities="com.wwqe.habits.androidx-startup"
153-->[androidx.emoji2:emoji2:1.2.0] AndroidManifest.xml:26:13-68
154            android:exported="false" >
154-->[androidx.emoji2:emoji2:1.2.0] AndroidManifest.xml:27:13-37
155            <meta-data
155-->[androidx.emoji2:emoji2:1.2.0] AndroidManifest.xml:29:13-31:52
156                android:name="androidx.emoji2.text.EmojiCompatInitializer"
156-->[androidx.emoji2:emoji2:1.2.0] AndroidManifest.xml:30:17-75
157                android:value="androidx.startup" />
157-->[androidx.emoji2:emoji2:1.2.0] AndroidManifest.xml:31:17-49
158            <meta-data
158-->[androidx.lifecycle:lifecycle-process:2.4.1] AndroidManifest.xml:31:13-33:52
159                android:name="androidx.lifecycle.ProcessLifecycleInitializer"
159-->[androidx.lifecycle:lifecycle-process:2.4.1] AndroidManifest.xml:32:17-78
160                android:value="androidx.startup" />
160-->[androidx.lifecycle:lifecycle-process:2.4.1] AndroidManifest.xml:33:17-49
161        </provider> <!-- The activities will be merged into the manifest of the hosting app. -->
162        <activity
162-->[com.google.android.play:core-common:2.0.3] AndroidManifest.xml:14:9-18:65
163            android:name="com.google.android.play.core.common.PlayCoreDialogWrapperActivity"
163-->[com.google.android.play:core-common:2.0.3] AndroidManifest.xml:15:13-93
164            android:exported="false"
164-->[com.google.android.play:core-common:2.0.3] AndroidManifest.xml:16:13-37
165            android:stateNotNeeded="true"
165-->[com.google.android.play:core-common:2.0.3] AndroidManifest.xml:17:13-42
166            android:theme="@style/Theme.PlayCore.Transparent" />
166-->[com.google.android.play:core-common:2.0.3] AndroidManifest.xml:18:13-62
167    </application>
168
169</manifest>